#
# A fatal error has been detected by the Java Runtime Environment:
#
#  EXCEPTION_IN_PAGE_ERROR (0xc0000006) at pc=0x00007ffb1ad1133c, pid=148, tid=13548
#
# JRE version: OpenJDK Runtime Environment (15.0.2+7) (build 15.0.2+7-27)
# Java VM: OpenJDK 64-Bit Server VM (15.0.2+7-27, mixed mode, tiered, compressed oops, g1 gc, windows-amd64)
# Problematic frame:
# C  [jimage.dll+0x133c]
#
# No core dump will be written. Minidumps are not enabled by default on client versions of Windows
#
# If you would like to submit a bug report, please visit:
#   https://bugreport.java.com/bugreport/crash.jsp
#

---------------  S U M M A R Y ------------

Command Line: -Dcom.sun.management.jmxremote -Dcom.sun.management.jmxremote.port=53502 -Dcom.sun.management.jmxremote.authenticate=false -Dcom.sun.management.jmxremote.ssl=false -Djava.rmi.server.hostname=localhost -Dspring.jmx.enabled=true -Dspring.application.admin.enabled=true -XX:TieredStopAtLevel=1 -Dspring.boot.project.name=sales-commission-java -Dfile.encoding=UTF-8 -XX:+ShowCodeDetailsInExceptionMessages com.altice.salescommission.SalescommissionrebuildbackendApplication --spring.output.ansi.enabled=always

Host: Intel(R) Xeon(R) Gold 6142 CPU @ 2.60GHz, 2 cores, 7G,  Windows 10 , 64 bit Build 17134 (10.0.17134.1425)
Time: Tue Oct  5 11:34:22 2021 India Standard Time elapsed time: 537.238563 seconds (0d 0h 8m 57s)

---------------  T H R E A D  ---------------

Current thread (0x000001971bc5f690):  JavaThread "http-nio-8080-Acceptor" daemon [_thread_in_vm, id=13548, stack(0x00000033c4000000,0x00000033c4100000)]

Stack: [0x00000033c4000000,0x00000033c4100000],  sp=0x00000033c40fd980,  free space=1014k
Native frames: (J=compiled Java code, j=interpreted, Vv=VM code, C=native code)
C  [jimage.dll+0x133c]
C  [jimage.dll+0x1ed3]
C  [jimage.dll+0x1f6a]
C  [jimage.dll+0x26a2]
V  [jvm.dll+0x1c6867]
V  [jvm.dll+0x1c5650]
V  [jvm.dll+0x706243]
V  [jvm.dll+0x707c08]
V  [jvm.dll+0x3e08c4]
C  [java.dll+0x19f5]

Java frames: (J=compiled Java code, j=interpreted, Vv=VM code)
J 1257  java.lang.ClassLoader.findBootstrapClass(Ljava/lang/String;)Ljava/lang/Class; java.base@15.0.2 (0 bytes) @ 0x000001970410bd8f [0x000001970410bd40+0x000000000000004f]
J 1175 c1 jdk.internal.loader.ClassLoaders$BootClassLoader.loadClassOrNull(Ljava/lang/String;Z)Ljava/lang/Class; java.base@15.0.2 (11 bytes) @ 0x00000197040e9d34 [0x00000197040e9cc0+0x0000000000000074]
J 1070 c1 jdk.internal.loader.BuiltinClassLoader.loadClassOrNull(Ljava/lang/String;Z)Ljava/lang/Class; java.base@15.0.2 (143 bytes) @ 0x00000197040b5cfc [0x00000197040b5980+0x000000000000037c]
J 1207 c1 jdk.internal.loader.ClassLoaders$AppClassLoader.loadClass(Ljava/lang/String;Z)Ljava/lang/Class; java.base@15.0.2 (40 bytes) @ 0x00000197040f80c4 [0x00000197040f7f80+0x0000000000000144]
J 1204 c1 java.lang.ClassLoader.loadClass(Ljava/lang/String;)Ljava/lang/Class; java.base@15.0.2 (7 bytes) @ 0x00000197040f6464 [0x00000197040f6420+0x0000000000000044]
v  ~StubRoutines::call_stub
j  org.apache.tomcat.util.net.WriteBuffer.<init>(I)V+5
j  org.apache.tomcat.util.net.SocketWrapperBase.<init>(Ljava/lang/Object;Lorg/apache/tomcat/util/net/AbstractEndpoint;)V+111
j  org.apache.tomcat.util.net.NioEndpoint$NioSocketWrapper.<init>(Lorg/apache/tomcat/util/net/NioChannel;Lorg/apache/tomcat/util/net/NioEndpoint;)V+3
j  org.apache.tomcat.util.net.NioEndpoint.setSocketOptions(Ljava/nio/channels/SocketChannel;)Z+97
j  org.apache.tomcat.util.net.NioEndpoint.setSocketOptions(Ljava/lang/Object;)Z+5
j  org.apache.tomcat.util.net.Acceptor.run()V+150
j  java.lang.Thread.run()V+11 java.base@15.0.2
v  ~StubRoutines::call_stub

siginfo: EXCEPTION_IN_PAGE_ERROR (0xc0000006), reading address 0x000001970114fc56


Register to memory mapping:

RIP=0x00007ffb1ad1133c jimage.dll
RAX=0x0000806ff0da26f4 is an unknown value
RBX=0x000001970114fc54 is an unknown value
RCX=0x000001970114fc54 is an unknown value
RDX=0x00000197193e2ff0 points into unknown readable memory: 0x0000000300000001 | 01 00 00 00 03 00 00 00
RSP=0x00000033c40fd980 is pointing into the stack for thread: 0x000001971bc5f690
RBP=0x00000033c40fda50 is pointing into the stack for thread: 0x000001971bc5f690
RSI=0x000001970114fc54 is an unknown value
RDI=0x000001970114fc54 is an unknown value
R8 =0x0000000000005389 is an unknown value
R9 =0x00000033c40fda50 is pointing into the stack for thread: 0x000001971bc5f690
R10=0x00000197000d1c38 points into unknown readable memory: 0x1a2df20312550800 | 00 08 55 12 03 f2 2d 1a
R11=0x0 is NULL
R12=0x0000000000005389 is an unknown value
R13=0x000001971c24a0e0 points into unknown readable memory: 0x7361622e6176616a | 6a 61 76 61 2e 62 61 73
R14=0x00000197193e2ff0 points into unknown readable memory: 0x0000000300000001 | 01 00 00 00 03 00 00 00
R15=0x00000197193e2ff0 points into unknown readable memory: 0x0000000300000001 | 01 00 00 00 03 00 00 00


Registers:
RAX=0x0000806ff0da26f4, RBX=0x000001970114fc54, RCX=0x000001970114fc54, RDX=0x00000197193e2ff0
RSP=0x00000033c40fd980, RBP=0x00000033c40fda50, RSI=0x000001970114fc54, RDI=0x000001970114fc54
R8 =0x0000000000005389, R9 =0x00000033c40fda50, R10=0x00000197000d1c38, R11=0x0000000000000000
R12=0x0000000000005389, R13=0x000001971c24a0e0, R14=0x00000197193e2ff0, R15=0x00000197193e2ff0
RIP=0x00007ffb1ad1133c, EFLAGS=0x0000000000010202

Top of Stack: (sp=0x00000033c40fd980)
0x00000033c40fd980:   0000000000000000 0000000000000000
0x00000033c40fd990:   0000000000000000 0000000000000000
0x00000033c40fd9a0:   0000000000000000 00007ffae5377faa
0x00000033c40fd9b0:   00000033c40fda78 000000000000002e
0x00000033c40fd9c0:   000001971c24a0b0 0000000000000038
0x00000033c40fd9d0:   00000000e1393624 0000806ff0da26f4
0x00000033c40fd9e0:   0000000000005389 00000197193e2ff0
0x00000033c40fd9f0:   000001971c24a070 000001977b897df0
0x00000033c40fda00:   0000000000fa659c 000000000000212d
0x00000033c40fda10:   000001970114fc54 00007ffb1ad11ed3
0x00000033c40fda20:   000001971c287b90 000000000000002e
0x00000033c40fda30:   0000000000000000 0000000000000000
0x00000033c40fda40:   00007ffb1ad16000 00007ffb243e43bc
0x00000033c40fda50:   00000197000f636b 00000000000b334d
0x00000033c40fda60:   0000000000092ea6 0000000000000000
0x00000033c40fda70:   000001977b897df0 00007ffb1ad11f6a 

Instructions: (pc=0x00007ffb1ad1133c)
0x00007ffb1ad1123c:   89 0a c3 cc 48 8d 05 b9 4d 00 00 84 c9 74 07 48
0x00007ffb1ad1124c:   8d 05 b6 4d 00 00 c3 cc 0f b6 01 0f b6 49 01 66
0x00007ffb1ad1125c:   c1 e0 08 66 0b c1 c3 cc 0f b7 c2 88 51 01 66 c1
0x00007ffb1ad1126c:   e8 08 88 01 c3 cc cc cc 48 89 5c 24 08 4c 8b 09
0x00007ffb1ad1127c:   4c 8b d9 41 b8 04 00 00 00 41 0f b6 01 84 c0 79
0x00007ffb1ad1128c:   4e 44 0f be c0 24 1f 41 c1 f8 05 41 83 e0 03 0f
0x00007ffb1ad1129c:   b6 d0 41 83 f8 01 74 57 42 8d 0c c5 f8 ff ff ff
0x00007ffb1ad112ac:   41 8b d8 d3 e2 48 83 fb 01 76 44 41 ba 01 00 00
0x00007ffb1ad112bc:   00 42 8d 0c c5 f0 ff ff ff 43 0f b6 04 11 49 ff
0x00007ffb1ad112cc:   c2 d3 e0 83 e9 08 0b d0 4c 3b d3 7c ec eb 20 41
0x00007ffb1ad112dc:   0f b6 49 02 8b d0 41 0f b6 41 01 c1 e2 08 0b d0
0x00007ffb1ad112ec:   c1 e2 08 0b d1 41 0f b6 49 03 c1 e2 08 0b d1 48
0x00007ffb1ad112fc:   8b 5c 24 08 8b c2 41 8b c8 49 03 c9 49 89 0b c3
0x00007ffb1ad1130c:   40 53 55 56 57 41 54 41 56 41 57 48 83 ec 60 48
0x00007ffb1ad1131c:   8b 05 16 4d 00 00 48 33 c4 48 89 44 24 58 49 8b
0x00007ffb1ad1132c:   e9 4d 8b e0 4c 8b fa 48 8b f1 48 8b d9 48 8b f9
0x00007ffb1ad1133c:   0f b6 47 02 44 0f b6 47 03 41 c1 e0 08 44 0b c0
0x00007ffb1ad1134c:   0f b6 47 01 41 c1 e0 08 44 0b c0 0f b6 07 41 c1
0x00007ffb1ad1135c:   e0 08 44 0b c0 44 89 44 24 30 0f b6 47 0a 0f b6
0x00007ffb1ad1136c:   57 0b 0f b6 4f 07 48 c1 e2 08 48 0b d0 c1 e1 08
0x00007ffb1ad1137c:   0f b6 47 09 48 c1 e2 08 48 0b d0 0f b6 47 08 48
0x00007ffb1ad1138c:   c1 e2 08 48 0b d0 0f b6 47 06 0b c8 48 c1 e2 20
0x00007ffb1ad1139c:   0f b6 47 05 c1 e1 08 0b c1 c1 e0 08 48 98 48 0b
0x00007ffb1ad113ac:   d0 0f b6 47 04 48 0b d0 48 89 54 24 38 0f b6 47
0x00007ffb1ad113bc:   12 44 0f b6 4f 13 0f b6 4f 0f c1 e1 08 49 c1 e1
0x00007ffb1ad113cc:   08 4c 0b c8 0f b6 47 11 49 c1 e1 08 4c 0b c8 0f
0x00007ffb1ad113dc:   b6 47 10 49 c1 e1 08 4c 0b c8 0f b6 47 0e 0b c8
0x00007ffb1ad113ec:   49 c1 e1 20 0f b6 47 0d c1 e1 08 0b c1 c1 e0 08
0x00007ffb1ad113fc:   48 98 4c 0b c8 0f b6 47 0c 4c 0b c8 4c 89 4c 24
0x00007ffb1ad1140c:   40 0f b6 47 16 0f b6 4f 17 c1 e1 08 0b c8 0f b6
0x00007ffb1ad1141c:   47 15 c1 e1 08 0b c8 0f b6 47 14 c1 e1 08 0b c8
0x00007ffb1ad1142c:   89 4c 24 48 0f b6 47 1a 0f b6 57 1b c1 e2 08 0b 


Stack slot to memory mapping:
stack at sp + 0 slots: 0x0 is NULL
stack at sp + 1 slots: 0x0 is NULL
stack at sp + 2 slots: 0x0 is NULL
stack at sp + 3 slots: 0x0 is NULL
stack at sp + 4 slots: 0x0 is NULL
stack at sp + 5 slots: 0x00007ffae5377faa jvm.dll
stack at sp + 6 slots: 0x00000033c40fda78 is pointing into the stack for thread: 0x000001971bc5f690
stack at sp + 7 slots: 0x000000000000002e is an unknown value


---------------  P R O C E S S  ---------------

Threads class SMR info:
_java_thread_list=0x000001971c36d7a0, length=31, elements={
0x000001977f204410, 0x000001977f205990, 0x000001977f218ed0, 0x000001977f219890,
0x000001977f21a150, 0x000001977f244cc0, 0x000001977f2809c0, 0x000001977e974100,
0x000001977f40c5a0, 0x000001977fb4b7f0, 0x000001977fb4c910, 0x000001977fb4cf50,
0x000001977fc066d0, 0x00000197198528c0, 0x0000019719851a50, 0x00000197198523f0,
0x00000197198510b0, 0x000001971bc5ecf0, 0x000001971bc5b330, 0x000001971bc5bcd0,
0x000001971bc5a4c0, 0x000001971bc5e820, 0x000001971bc5a990, 0x000001971bc5f1c0,
0x000001971bc5d9b0, 0x000001971bc5c1a0, 0x000001971bc5c670, 0x000001971bc5ae60,
0x000001971bc5cb40, 0x000001971bc5f690, 0x000001971bc5d010
}

Java Threads: ( => current thread )
  0x000001977f204410 JavaThread "Reference Handler" daemon [_thread_blocked, id=13736, stack(0x00000033c1b00000,0x00000033c1c00000)]
  0x000001977f205990 JavaThread "Finalizer" daemon [_thread_blocked, id=11944, stack(0x00000033c1c00000,0x00000033c1d00000)]
  0x000001977f218ed0 JavaThread "Signal Dispatcher" daemon [_thread_blocked, id=13544, stack(0x00000033c1d00000,0x00000033c1e00000)]
  0x000001977f219890 JavaThread "Attach Listener" daemon [_thread_blocked, id=13376, stack(0x00000033c1e00000,0x00000033c1f00000)]
  0x000001977f21a150 JavaThread "Service Thread" daemon [_thread_blocked, id=13380, stack(0x00000033c1f00000,0x00000033c2000000)]
  0x000001977f244cc0 JavaThread "C1 CompilerThread0" daemon [_thread_blocked, id=13392, stack(0x00000033c2000000,0x00000033c2100000)]
  0x000001977f2809c0 JavaThread "Sweeper thread" daemon [_thread_blocked, id=13524, stack(0x00000033c2100000,0x00000033c2200000)]
  0x000001977e974100 JavaThread "Common-Cleaner" daemon [_thread_blocked, id=10048, stack(0x00000033c2200000,0x00000033c2300000)]
  0x000001977f40c5a0 JavaThread "Notification Thread" daemon [_thread_blocked, id=13324, stack(0x00000033c2300000,0x00000033c2400000)]
  0x000001977fb4b7f0 JavaThread "RMI TCP Accept-0" daemon [_thread_in_native, id=348, stack(0x00000033c2500000,0x00000033c2600000)]
  0x000001977fb4c910 JavaThread "RMI TCP Accept-53502" daemon [_thread_in_native, id=13672, stack(0x00000033c2600000,0x00000033c2700000)]
  0x000001977fb4cf50 JavaThread "RMI TCP Accept-0" daemon [_thread_in_native, id=2116, stack(0x00000033c2700000,0x00000033c2800000)]
  0x000001977fc066d0 JavaThread "RMI Scheduler(0)" daemon [_thread_blocked, id=13852, stack(0x00000033c2a00000,0x00000033c2b00000)]
  0x00000197198528c0 JavaThread "Catalina-utility-1" [_thread_blocked, id=13564, stack(0x00000033c2d00000,0x00000033c2e00000)]
  0x0000019719851a50 JavaThread "Catalina-utility-2" [_thread_blocked, id=10472, stack(0x00000033c2e00000,0x00000033c2f00000)]
  0x00000197198523f0 JavaThread "container-0" [_thread_blocked, id=13848, stack(0x00000033c2f00000,0x00000033c3000000)]
  0x00000197198510b0 JavaThread "HikariPool-1 housekeeper" daemon [_thread_blocked, id=10424, stack(0x00000033c3100000,0x00000033c3200000)]
  0x000001971bc5ecf0 JavaThread "http-nio-8080-BlockPoller" daemon [_thread_in_native, id=9324, stack(0x00000033c3200000,0x00000033c3300000)]
  0x000001971bc5b330 JavaThread "http-nio-8080-exec-1" daemon [_thread_blocked, id=4392, stack(0x00000033c3500000,0x00000033c3600000)]
  0x000001971bc5bcd0 JavaThread "http-nio-8080-exec-2" daemon [_thread_blocked, id=13728, stack(0x00000033c3600000,0x00000033c3700000)]
  0x000001971bc5a4c0 JavaThread "http-nio-8080-exec-3" daemon [_thread_blocked, id=10924, stack(0x00000033c3700000,0x00000033c3800000)]
  0x000001971bc5e820 JavaThread "http-nio-8080-exec-4" daemon [_thread_blocked, id=9244, stack(0x00000033c3800000,0x00000033c3900000)]
  0x000001971bc5a990 JavaThread "http-nio-8080-exec-5" daemon [_thread_blocked, id=13832, stack(0x00000033c3900000,0x00000033c3a00000)]
  0x000001971bc5f1c0 JavaThread "http-nio-8080-exec-6" daemon [_thread_blocked, id=12912, stack(0x00000033c3a00000,0x00000033c3b00000)]
  0x000001971bc5d9b0 JavaThread "http-nio-8080-exec-7" daemon [_thread_blocked, id=13596, stack(0x00000033c3b00000,0x00000033c3c00000)]
  0x000001971bc5c1a0 JavaThread "http-nio-8080-exec-8" daemon [_thread_blocked, id=12048, stack(0x00000033c3c00000,0x00000033c3d00000)]
  0x000001971bc5c670 JavaThread "http-nio-8080-exec-9" daemon [_thread_blocked, id=13300, stack(0x00000033c3d00000,0x00000033c3e00000)]
  0x000001971bc5ae60 JavaThread "http-nio-8080-exec-10" daemon [_thread_blocked, id=12776, stack(0x00000033c3e00000,0x00000033c3f00000)]
  0x000001971bc5cb40 JavaThread "http-nio-8080-ClientPoller" daemon [_thread_in_native, id=12796, stack(0x00000033c3f00000,0x00000033c4000000)]
=>0x000001971bc5f690 JavaThread "http-nio-8080-Acceptor" daemon [_thread_in_vm, id=13548, stack(0x00000033c4000000,0x00000033c4100000)]
  0x000001971bc5d010 JavaThread "DestroyJavaVM" [_thread_blocked, id=13560, stack(0x00000033c1400000,0x00000033c1500000)]

Other Threads:
  0x000001977f1ac480 VMThread "VM Thread" [stack: 0x00000033c1a00000,0x00000033c1b00000] [id=13732]
  0x000001977dcd4af0 WatcherThread [stack: 0x00000033c2800000,0x00000033c2900000] [id=11956]
  0x000001977dd10db0 GCTaskThread "GC Thread#0" [stack: 0x00000033c1500000,0x00000033c1600000] [id=14300]
  0x000001977f4091c0 GCTaskThread "GC Thread#1" [stack: 0x00000033c2400000,0x00000033c2500000] [id=11348]
  0x000001977dd21f90 ConcurrentGCThread "G1 Main Marker" [stack: 0x00000033c1600000,0x00000033c1700000] [id=10480]
  0x000001977dd22b10 ConcurrentGCThread "G1 Conc#0" [stack: 0x00000033c1700000,0x00000033c1800000] [id=10460]
  0x000001977e802c00 ConcurrentGCThread "G1 Refine#0" [stack: 0x00000033c1800000,0x00000033c1900000] [id=10476]
  0x000001977e803710 ConcurrentGCThread "G1 Young RemSet Sampling" [stack: 0x00000033c1900000,0x00000033c1a00000] [id=13360]

Threads with active compile tasks:

VM state: not at safepoint (normal execution)

VM Mutex/Monitor currently owned by a thread: None

Heap address: 0x0000000080000000, size: 2048 MB, Compressed Oops mode: 32-bit
CDS disabled.
Compressed class space mapped at: 0x0000000100000000-0x0000000140000000, size: 1073741824
Narrow klass base: 0x0000000000000000, Narrow klass shift: 3, Narrow klass range: 0x140000000

GC Precious Log:
 CPUs: 2 total, 2 available
 Memory: 8190M
 Large Page Support: Disabled
 NUMA Support: Disabled
 Compressed Oops: Enabled (32-bit)
 Heap Region Size: 1M
 Heap Min Capacity: 8M
 Heap Initial Capacity: 128M
 Heap Max Capacity: 2G
 Pre-touch: Disabled
 Parallel Workers: 2
 Concurrent Workers: 1
 Concurrent Refinement Workers: 2
 Periodic GC: Disabled

Heap:
 garbage-first heap   total 80896K, used 54857K [0x0000000080000000, 0x0000000100000000)
  region size 1024K, 13 young (13312K), 3 survivors (3072K)
 Metaspace       used 64065K, capacity 64852K, committed 65152K, reserved 1105920K
  class space    used 8212K, capacity 8462K, committed 8576K, reserved 1048576K

Heap Regions: E=young(eden), S=young(survivor), O=old, HS=humongous(starts), HC=humongous(continues), CS=collection set, F=free, OA=open archive, CA=closed archive, TAMS=top-at-mark-start (previous, next)
|   0|0x0000000080000000, 0x0000000080100000, 0x0000000080100000|100%|HS|  |TAMS 0x0000000080100000, 0x0000000080000000| Complete 
|   1|0x0000000080100000, 0x0000000080200000, 0x0000000080200000|100%| O|  |TAMS 0x0000000080200000, 0x0000000080100000| Untracked 
|   2|0x0000000080200000, 0x0000000080300000, 0x0000000080300000|100%| O|  |TAMS 0x0000000080300000, 0x0000000080200000| Untracked 
|   3|0x0000000080300000, 0x0000000080400000, 0x0000000080400000|100%| O|  |TAMS 0x0000000080400000, 0x0000000080300000| Untracked 
|   4|0x0000000080400000, 0x0000000080500000, 0x0000000080500000|100%| O|  |TAMS 0x0000000080500000, 0x0000000080400000| Untracked 
|   5|0x0000000080500000, 0x0000000080600000, 0x0000000080600000|100%| O|  |TAMS 0x0000000080600000, 0x0000000080500000| Untracked 
|   6|0x0000000080600000, 0x00000000806ec400, 0x0000000080700000| 92%| O|  |TAMS 0x00000000806ec400, 0x0000000080600000| Untracked 
|   7|0x0000000080700000, 0x0000000080800000, 0x0000000080800000|100%| O|  |TAMS 0x0000000080800000, 0x0000000080700000| Untracked 
|   8|0x0000000080800000, 0x0000000080900000, 0x0000000080900000|100%| O|  |TAMS 0x0000000080900000, 0x0000000080800000| Untracked 
|   9|0x0000000080900000, 0x0000000080a00000, 0x0000000080a00000|100%| O|  |TAMS 0x0000000080a00000, 0x0000000080900000| Untracked 
|  10|0x0000000080a00000, 0x0000000080b00000, 0x0000000080b00000|100%| O|  |TAMS 0x0000000080b00000, 0x0000000080a00000| Untracked 
|  11|0x0000000080b00000, 0x0000000080c00000, 0x0000000080c00000|100%| O|  |TAMS 0x0000000080c00000, 0x0000000080b00000| Untracked 
|  12|0x0000000080c00000, 0x0000000080d00000, 0x0000000080d00000|100%| O|  |TAMS 0x0000000080d00000, 0x0000000080c00000| Untracked 
|  13|0x0000000080d00000, 0x0000000080e00000, 0x0000000080e00000|100%| O|  |TAMS 0x0000000080e00000, 0x0000000080d00000| Untracked 
|  14|0x0000000080e00000, 0x0000000080f00000, 0x0000000080f00000|100%| O|  |TAMS 0x0000000080f00000, 0x0000000080e00000| Untracked 
|  15|0x0000000080f00000, 0x0000000081000000, 0x0000000081000000|100%| O|  |TAMS 0x0000000081000000, 0x0000000080f00000| Untracked 
|  16|0x0000000081000000, 0x0000000081100000, 0x0000000081100000|100%| O|  |TAMS 0x0000000081100000, 0x0000000081000000| Untracked 
|  17|0x0000000081100000, 0x0000000081200000, 0x0000000081200000|100%| O|  |TAMS 0x0000000081200000, 0x0000000081100000| Untracked 
|  18|0x0000000081200000, 0x0000000081300000, 0x0000000081300000|100%| O|  |TAMS 0x0000000081300000, 0x0000000081200000| Untracked 
|  19|0x0000000081300000, 0x0000000081400000, 0x0000000081400000|100%| O|  |TAMS 0x0000000081400000, 0x0000000081300000| Untracked 
|  20|0x0000000081400000, 0x0000000081500000, 0x0000000081500000|100%| O|  |TAMS 0x0000000081500000, 0x0000000081400000| Untracked 
|  21|0x0000000081500000, 0x0000000081600000, 0x0000000081600000|100%| O|  |TAMS 0x0000000081600000, 0x0000000081500000| Untracked 
|  22|0x0000000081600000, 0x0000000081700000, 0x0000000081700000|100%| O|  |TAMS 0x0000000081700000, 0x0000000081600000| Untracked 
|  23|0x0000000081700000, 0x0000000081800000, 0x0000000081800000|100%| O|  |TAMS 0x0000000081800000, 0x0000000081700000| Untracked 
|  24|0x0000000081800000, 0x0000000081900000, 0x0000000081900000|100%| O|  |TAMS 0x0000000081900000, 0x0000000081800000| Untracked 
|  25|0x0000000081900000, 0x0000000081a00000, 0x0000000081a00000|100%| O|  |TAMS 0x0000000081a00000, 0x0000000081900000| Untracked 
|  26|0x0000000081a00000, 0x0000000081b00000, 0x0000000081b00000|100%| O|  |TAMS 0x0000000081b00000, 0x0000000081a00000| Untracked 
|  27|0x0000000081b00000, 0x0000000081c00000, 0x0000000081c00000|100%| O|  |TAMS 0x0000000081c00000, 0x0000000081b00000| Untracked 
|  28|0x0000000081c00000, 0x0000000081d00000, 0x0000000081d00000|100%| O|  |TAMS 0x0000000081d00000, 0x0000000081c00000| Untracked 
|  29|0x0000000081d00000, 0x0000000081e00000, 0x0000000081e00000|100%| O|  |TAMS 0x0000000081e00000, 0x0000000081d00000| Untracked 
|  30|0x0000000081e00000, 0x0000000081f00000, 0x0000000081f00000|100%| O|  |TAMS 0x0000000081f00000, 0x0000000081e00000| Untracked 
|  31|0x0000000081f00000, 0x0000000082000000, 0x0000000082000000|100%| O|  |TAMS 0x0000000082000000, 0x0000000081f00000| Untracked 
|  32|0x0000000082000000, 0x0000000082100000, 0x0000000082100000|100%| O|  |TAMS 0x0000000082100000, 0x0000000082000000| Untracked 
|  33|0x0000000082100000, 0x0000000082200000, 0x0000000082200000|100%| O|  |TAMS 0x0000000082200000, 0x0000000082100000| Untracked 
|  34|0x0000000082200000, 0x0000000082300000, 0x0000000082300000|100%| O|  |TAMS 0x0000000082200000, 0x0000000082200000| Untracked 
|  35|0x0000000082300000, 0x0000000082400000, 0x0000000082400000|100%| O|  |TAMS 0x0000000082400000, 0x0000000082300000| Untracked 
|  36|0x0000000082400000, 0x0000000082500000, 0x0000000082500000|100%| O|  |TAMS 0x0000000082500000, 0x0000000082400000| Untracked 
|  37|0x0000000082500000, 0x0000000082600000, 0x0000000082600000|100%| O|  |TAMS 0x0000000082600000, 0x0000000082500000| Untracked 
|  38|0x0000000082600000, 0x0000000082700000, 0x0000000082700000|100%| O|  |TAMS 0x0000000082646800, 0x0000000082600000| Untracked 
|  39|0x0000000082700000, 0x0000000082800000, 0x0000000082800000|100%| O|  |TAMS 0x0000000082700000, 0x0000000082700000| Untracked 
|  40|0x0000000082800000, 0x0000000082900000, 0x0000000082900000|100%| O|  |TAMS 0x0000000082800000, 0x0000000082800000| Untracked 
|  41|0x0000000082900000, 0x00000000829a6200, 0x0000000082a00000| 64%| O|  |TAMS 0x0000000082900000, 0x0000000082900000| Untracked 
|  42|0x0000000082a00000, 0x0000000082a00000, 0x0000000082b00000|  0%| F|  |TAMS 0x0000000082a00000, 0x0000000082a00000| Untracked 
|  43|0x0000000082b00000, 0x0000000082b00000, 0x0000000082c00000|  0%| F|  |TAMS 0x0000000082b00000, 0x0000000082b00000| Untracked 
|  44|0x0000000082c00000, 0x0000000082c00000, 0x0000000082d00000|  0%| F|  |TAMS 0x0000000082c00000, 0x0000000082c00000| Untracked 
|  45|0x0000000082d00000, 0x0000000082d00000, 0x0000000082e00000|  0%| F|  |TAMS 0x0000000082d00000, 0x0000000082d00000| Untracked 
|  46|0x0000000082e00000, 0x0000000082e00000, 0x0000000082f00000|  0%| F|  |TAMS 0x0000000082e00000, 0x0000000082e00000| Untracked 
|  47|0x0000000082f00000, 0x0000000082f00000, 0x0000000083000000|  0%| F|  |TAMS 0x0000000082f00000, 0x0000000082f00000| Untracked 
|  48|0x0000000083000000, 0x0000000083000000, 0x0000000083100000|  0%| F|  |TAMS 0x0000000083000000, 0x0000000083000000| Untracked 
|  49|0x0000000083100000, 0x0000000083100000, 0x0000000083200000|  0%| F|  |TAMS 0x0000000083100000, 0x0000000083100000| Untracked 
|  50|0x0000000083200000, 0x0000000083200000, 0x0000000083300000|  0%| F|  |TAMS 0x0000000083200000, 0x0000000083200000| Untracked 
|  51|0x0000000083300000, 0x0000000083300000, 0x0000000083400000|  0%| F|  |TAMS 0x0000000083300000, 0x0000000083300000| Untracked 
|  52|0x0000000083400000, 0x0000000083400000, 0x0000000083500000|  0%| F|  |TAMS 0x0000000083400000, 0x0000000083400000| Untracked 
|  53|0x0000000083500000, 0x0000000083600000, 0x0000000083600000|100%| S|CS|TAMS 0x0000000083500000, 0x0000000083500000| Complete 
|  54|0x0000000083600000, 0x0000000083700000, 0x0000000083700000|100%| S|CS|TAMS 0x0000000083600000, 0x0000000083600000| Complete 
|  55|0x0000000083700000, 0x0000000083700000, 0x0000000083800000|  0%| F|  |TAMS 0x0000000083700000, 0x0000000083700000| Untracked 
|  56|0x0000000083800000, 0x0000000083900000, 0x0000000083900000|100%| S|CS|TAMS 0x0000000083800000, 0x0000000083800000| Complete 
|  57|0x0000000083900000, 0x0000000083900000, 0x0000000083a00000|  0%| F|  |TAMS 0x0000000083900000, 0x0000000083900000| Untracked 
|  58|0x0000000083a00000, 0x0000000083a00000, 0x0000000083b00000|  0%| F|  |TAMS 0x0000000083a00000, 0x0000000083a00000| Untracked 
|  59|0x0000000083b00000, 0x0000000083b00000, 0x0000000083c00000|  0%| F|  |TAMS 0x0000000083b00000, 0x0000000083b00000| Untracked 
|  60|0x0000000083c00000, 0x0000000083c00000, 0x0000000083d00000|  0%| F|  |TAMS 0x0000000083c00000, 0x0000000083c00000| Untracked 
|  61|0x0000000083d00000, 0x0000000083d00000, 0x0000000083e00000|  0%| F|  |TAMS 0x0000000083d00000, 0x0000000083d00000| Untracked 
|  62|0x0000000083e00000, 0x0000000083e00000, 0x0000000083f00000|  0%| F|  |TAMS 0x0000000083e00000, 0x0000000083e00000| Untracked 
|  63|0x0000000083f00000, 0x0000000083f00000, 0x0000000084000000|  0%| F|  |TAMS 0x0000000083f00000, 0x0000000083f00000| Untracked 
|  64|0x0000000084000000, 0x0000000084000000, 0x0000000084100000|  0%| F|  |TAMS 0x0000000084000000, 0x0000000084000000| Untracked 
|  65|0x0000000084100000, 0x0000000084100000, 0x0000000084200000|  0%| F|  |TAMS 0x0000000084100000, 0x0000000084100000| Untracked 
|  66|0x0000000084200000, 0x0000000084200000, 0x0000000084300000|  0%| F|  |TAMS 0x0000000084200000, 0x0000000084200000| Untracked 
|  67|0x0000000084300000, 0x0000000084300000, 0x0000000084400000|  0%| F|  |TAMS 0x0000000084300000, 0x0000000084300000| Untracked 
|  68|0x0000000084400000, 0x0000000084400000, 0x0000000084500000|  0%| F|  |TAMS 0x0000000084400000, 0x0000000084400000| Untracked 
|  69|0x0000000084500000, 0x00000000845126f0, 0x0000000084600000|  7%| E|  |TAMS 0x0000000084500000, 0x0000000084500000| Complete 
|  70|0x0000000084600000, 0x0000000084700000, 0x0000000084700000|100%| E|CS|TAMS 0x0000000084600000, 0x0000000084600000| Complete 
|  71|0x0000000084700000, 0x0000000084800000, 0x0000000084800000|100%| E|CS|TAMS 0x0000000084700000, 0x0000000084700000| Complete 
|  72|0x0000000084800000, 0x0000000084900000, 0x0000000084900000|100%| E|CS|TAMS 0x0000000084800000, 0x0000000084800000| Complete 
|  73|0x0000000084900000, 0x0000000084a00000, 0x0000000084a00000|100%| E|CS|TAMS 0x0000000084900000, 0x0000000084900000| Complete 
|  74|0x0000000084a00000, 0x0000000084b00000, 0x0000000084b00000|100%| E|CS|TAMS 0x0000000084a00000, 0x0000000084a00000| Complete 
| 114|0x0000000087200000, 0x0000000087300000, 0x0000000087300000|100%| E|CS|TAMS 0x0000000087200000, 0x0000000087200000| Complete 
| 115|0x0000000087300000, 0x0000000087400000, 0x0000000087400000|100%| E|CS|TAMS 0x0000000087300000, 0x0000000087300000| Complete 
| 116|0x0000000087400000, 0x0000000087500000, 0x0000000087500000|100%| E|CS|TAMS 0x0000000087400000, 0x0000000087400000| Complete 
| 127|0x0000000087f00000, 0x0000000088000000, 0x0000000088000000|100%| E|CS|TAMS 0x0000000087f00000, 0x0000000087f00000| Complete 

Card table byte_map: [0x000001977dd30000,0x000001977e130000] _byte_map_base: 0x000001977d930000

Marking Bits (Prev, Next): (CMBitMap*) 0x000001977dd11530, (CMBitMap*) 0x000001977dd11570
 Prev Bits: [0x0000019712940000, 0x0000019714940000)
 Next Bits: [0x0000019714940000, 0x0000019716940000)

Polling page: 0x000001977b810000

Metaspace:

Usage:
  Non-class:     55.07 MB capacity,    54.54 MB (>99%) used,   438.70 KB ( <1%) free+waste,    98.19 KB ( <1%) overhead. 
      Class:      8.26 MB capacity,     8.02 MB ( 97%) used,   210.40 KB (  2%) free+waste,    39.13 KB ( <1%) overhead. 
       Both:     63.33 MB capacity,    62.56 MB ( 99%) used,   649.09 KB (  1%) free+waste,   137.31 KB ( <1%) overhead. 

Virtual space:
  Non-class space:       56.00 MB reserved,      55.25 MB ( 99%) committed 
      Class space:        1.00 GB reserved,       8.38 MB ( <1%) committed 
             Both:        1.05 GB reserved,      63.63 MB (  6%) committed 

Chunk freelists:
   Non-Class:  58.00 KB
       Class:  18.00 KB
        Both:  76.00 KB

MaxMetaspaceSize: 17179869184.00 GB
CompressedClassSpaceSize: 1.00 GB

CodeHeap 'non-profiled nmethods': size=239488Kb used=11271Kb max_used=11271Kb free=228216Kb
 bounds [0x0000019703f60000, 0x0000019704a70000, 0x0000019712940000]
CodeHeap 'non-nmethods': size=6272Kb used=1282Kb max_used=1282Kb free=4989Kb
 bounds [0x0000019703940000, 0x0000019703bb0000, 0x0000019703f60000]
 total_blobs=7696 nmethods=7130 adapters=492
 compilation: enabled
              stopped_count=0, restarted_count=0
 full_count=0

Compilation events (20 events):
Event: 308.621 Thread 0x000001977f244cc0 7121   !   1       org.apache.tomcat.util.net.NioEndpoint$Poller::timeout (565 bytes)
Event: 308.623 Thread 0x000001977f244cc0 nmethod 7121 0x0000019704a5c690 code [0x0000019704a5cae0, 0x0000019704a5df68]
Event: 308.623 Thread 0x000001977f244cc0 7122       1       sun.nio.ch.SelectorImpl::keys (9 bytes)
Event: 308.624 Thread 0x000001977f244cc0 nmethod 7122 0x0000019704a5ef10 code [0x0000019704a5f0c0, 0x0000019704a5f208]
Event: 308.624 Thread 0x000001977f244cc0 7123       1       org.apache.tomcat.util.net.NioEndpoint::access$100 (4 bytes)
Event: 308.624 Thread 0x000001977f244cc0 nmethod 7123 0x0000019704a5f310 code [0x0000019704a5f4a0, 0x0000019704a5f538]
Event: 346.035 Thread 0x000001977f244cc0 7124   !   1       java.util.concurrent.FutureTask::runAndReset (125 bytes)
Event: 346.036 Thread 0x000001977f244cc0 nmethod 7124 0x0000019704a5f610 code [0x0000019704a5f880, 0x0000019704a60218]
Event: 346.037 Thread 0x000001977f244cc0 7125       1       java.util.concurrent.Executors$RunnableAdapter::call (14 bytes)
Event: 346.037 Thread 0x000001977f244cc0 nmethod 7125 0x0000019704a60790 code [0x0000019704a60920, 0x0000019704a60a08]
Event: 346.037 Thread 0x000001977f244cc0 7126       1       java.util.concurrent.ScheduledThreadPoolExecutor$ScheduledFutureTask::setNextRunTime (38 bytes)
Event: 346.037 Thread 0x000001977f244cc0 nmethod 7126 0x0000019704a60a90 code [0x0000019704a60c20, 0x0000019704a60de8]
Event: 346.037 Thread 0x000001977f244cc0 7127       1       java.util.concurrent.ScheduledThreadPoolExecutor::reExecutePeriodic (49 bytes)
Event: 346.037 Thread 0x000001977f244cc0 nmethod 7127 0x0000019704a60e90 code [0x0000019704a61080, 0x0000019704a612a8]
Event: 461.513 Thread 0x000001977f244cc0 7128       1       java.util.EventObject::getSource (5 bytes)
Event: 461.513 Thread 0x000001977f244cc0 nmethod 7128 0x0000019704a61410 code [0x0000019704a615a0, 0x0000019704a61658]
Event: 471.518 Thread 0x000001977f244cc0 7129       1       org.apache.catalina.core.ContainerBase::getBackgroundProcessorDelay (5 bytes)
Event: 471.518 Thread 0x000001977f244cc0 nmethod 7129 0x0000019704a61710 code [0x0000019704a618a0, 0x0000019704a61958]
Event: 471.519 Thread 0x000001977f244cc0 7130       1       org.apache.catalina.valves.ValveBase::backgroundProcess (1 bytes)
Event: 471.519 Thread 0x000001977f244cc0 nmethod 7130 0x0000019704a61a10 code [0x0000019704a61ba0, 0x0000019704a61c58]

GC Heap History (20 events):
Event: 48.191 GC heap before
{Heap before GC invocations=35 (full 0):
 garbage-first heap   total 55296K, used 45767K [0x0000000080000000, 0x0000000100000000)
  region size 1024K, 20 young (20480K), 1 survivors (1024K)
 Metaspace       used 58256K, capacity 58835K, committed 59008K, reserved 1099776K
  class space    used 7537K, capacity 7756K, committed 7808K, reserved 1048576K
}
Event: 48.195 GC heap after
{Heap after GC invocations=36 (full 0):
 garbage-first heap   total 55296K, used 27064K [0x0000000080000000, 0x0000000100000000)
  region size 1024K, 2 young (2048K), 2 survivors (2048K)
 Metaspace       used 58256K, capacity 58835K, committed 59008K, reserved 1099776K
  class space    used 7537K, capacity 7756K, committed 7808K, reserved 1048576K
}
Event: 48.331 GC heap before
{Heap before GC invocations=37 (full 0):
 garbage-first heap   total 56320K, used 45496K [0x0000000080000000, 0x0000000100000000)
  region size 1024K, 20 young (20480K), 2 survivors (2048K)
 Metaspace       used 58404K, capacity 58987K, committed 59264K, reserved 1101824K
  class space    used 7546K, capacity 7761K, committed 7808K, reserved 1048576K
}
Event: 48.335 GC heap after
{Heap after GC invocations=38 (full 0):
 garbage-first heap   total 56320K, used 27690K [0x0000000080000000, 0x0000000100000000)
  region size 1024K, 2 young (2048K), 2 survivors (2048K)
 Metaspace       used 58404K, capacity 58987K, committed 59264K, reserved 1101824K
  class space    used 7546K, capacity 7761K, committed 7808K, reserved 1048576K
}
Event: 48.438 GC heap before
{Heap before GC invocations=38 (full 0):
 garbage-first heap   total 56320K, used 46122K [0x0000000080000000, 0x0000000100000000)
  region size 1024K, 20 young (20480K), 2 survivors (2048K)
 Metaspace       used 58569K, capacity 59200K, committed 59264K, reserved 1101824K
  class space    used 7556K, capacity 7765K, committed 7808K, reserved 1048576K
}
Event: 48.443 GC heap after
{Heap after GC invocations=39 (full 0):
 garbage-first heap   total 56320K, used 28582K [0x0000000080000000, 0x0000000100000000)
  region size 1024K, 3 young (3072K), 3 survivors (3072K)
 Metaspace       used 58569K, capacity 59200K, committed 59264K, reserved 1101824K
  class space    used 7556K, capacity 7765K, committed 7808K, reserved 1048576K
}
Event: 48.685 GC heap before
{Heap before GC invocations=40 (full 0):
 garbage-first heap   total 56320K, used 45990K [0x0000000080000000, 0x0000000100000000)
  region size 1024K, 20 young (20480K), 3 survivors (3072K)
 Metaspace       used 58822K, capacity 59472K, committed 59520K, reserved 1101824K
  class space    used 7578K, capacity 7791K, committed 7808K, reserved 1048576K
}
Event: 48.690 GC heap after
{Heap after GC invocations=41 (full 0):
 garbage-first heap   total 56320K, used 29057K [0x0000000080000000, 0x0000000100000000)
  region size 1024K, 2 young (2048K), 2 survivors (2048K)
 Metaspace       used 58822K, capacity 59472K, committed 59520K, reserved 1101824K
  class space    used 7578K, capacity 7791K, committed 7808K, reserved 1048576K
}
Event: 48.862 GC heap before
{Heap before GC invocations=41 (full 0):
 garbage-first heap   total 56320K, used 46465K [0x0000000080000000, 0x0000000100000000)
  region size 1024K, 19 young (19456K), 2 survivors (2048K)
 Metaspace       used 59097K, capacity 59778K, committed 59904K, reserved 1101824K
  class space    used 7600K, capacity 7826K, committed 7936K, reserved 1048576K
}
Event: 48.867 GC heap after
{Heap after GC invocations=42 (full 0):
 garbage-first heap   total 56320K, used 29687K [0x0000000080000000, 0x0000000100000000)
  region size 1024K, 2 young (2048K), 2 survivors (2048K)
 Metaspace       used 59097K, capacity 59778K, committed 59904K, reserved 1101824K
  class space    used 7600K, capacity 7826K, committed 7936K, reserved 1048576K
}
Event: 49.953 GC heap before
{Heap before GC invocations=43 (full 0):
 garbage-first heap   total 56320K, used 46071K [0x0000000080000000, 0x0000000100000000)
  region size 1024K, 18 young (18432K), 2 survivors (2048K)
 Metaspace       used 60756K, capacity 61495K, committed 61568K, reserved 1103872K
  class space    used 7826K, capacity 8055K, committed 8064K, reserved 1048576K
}
Event: 49.960 GC heap after
{Heap after GC invocations=44 (full 0):
 garbage-first heap   total 56320K, used 31053K [0x0000000080000000, 0x0000000100000000)
  region size 1024K, 3 young (3072K), 3 survivors (3072K)
 Metaspace       used 60756K, capacity 61495K, committed 61568K, reserved 1103872K
  class space    used 7826K, capacity 8055K, committed 8064K, reserved 1048576K
}
Event: 50.761 GC heap before
{Heap before GC invocations=44 (full 0):
 garbage-first heap   total 56320K, used 46413K [0x0000000080000000, 0x0000000100000000)
  region size 1024K, 18 young (18432K), 3 survivors (3072K)
 Metaspace       used 62146K, capacity 62866K, committed 62976K, reserved 1103872K
  class space    used 7982K, capacity 8189K, committed 8192K, reserved 1048576K
}
Event: 50.771 GC heap after
{Heap after GC invocations=45 (full 0):
 garbage-first heap   total 67584K, used 34191K [0x0000000080000000, 0x0000000100000000)
  region size 1024K, 3 young (3072K), 3 survivors (3072K)
 Metaspace       used 62146K, capacity 62866K, committed 62976K, reserved 1103872K
  class space    used 7982K, capacity 8189K, committed 8192K, reserved 1048576K
}
Event: 50.938 GC heap before
{Heap before GC invocations=46 (full 0):
 garbage-first heap   total 67584K, used 40335K [0x0000000080000000, 0x0000000100000000)
  region size 1024K, 10 young (10240K), 3 survivors (3072K)
 Metaspace       used 62146K, capacity 62866K, committed 62976K, reserved 1103872K
  class space    used 7982K, capacity 8189K, committed 8192K, reserved 1048576K
}
Event: 50.946 GC heap after
{Heap after GC invocations=47 (full 0):
 garbage-first heap   total 67584K, used 36960K [0x0000000080000000, 0x0000000100000000)
  region size 1024K, 3 young (3072K), 3 survivors (3072K)
 Metaspace       used 62146K, capacity 62866K, committed 62976K, reserved 1103872K
  class space    used 7982K, capacity 8189K, committed 8192K, reserved 1048576K
}
Event: 51.190 GC heap before
{Heap before GC invocations=48 (full 0):
 garbage-first heap   total 76800K, used 51296K [0x0000000080000000, 0x0000000100000000)
  region size 1024K, 17 young (17408K), 3 survivors (3072K)
 Metaspace       used 62146K, capacity 62866K, committed 62976K, reserved 1103872K
  class space    used 7982K, capacity 8189K, committed 8192K, reserved 1048576K
}
Event: 51.198 GC heap after
{Heap after GC invocations=49 (full 0):
 garbage-first heap   total 76800K, used 41163K [0x0000000080000000, 0x0000000100000000)
  region size 1024K, 3 young (3072K), 3 survivors (3072K)
 Metaspace       used 62146K, capacity 62866K, committed 62976K, reserved 1103872K
  class space    used 7982K, capacity 8189K, committed 8192K, reserved 1048576K
}
Event: 51.669 GC heap before
{Heap before GC invocations=49 (full 0):
 garbage-first heap   total 76800K, used 57547K [0x0000000080000000, 0x0000000100000000)
  region size 1024K, 19 young (19456K), 3 survivors (3072K)
 Metaspace       used 62935K, capacity 63696K, committed 63872K, reserved 1105920K
  class space    used 8080K, capacity 8291K, committed 8320K, reserved 1048576K
}
Event: 51.681 GC heap after
{Heap after GC invocations=50 (full 0):
 garbage-first heap   total 76800K, used 45641K [0x0000000080000000, 0x0000000100000000)
  region size 1024K, 3 young (3072K), 3 survivors (3072K)
 Metaspace       used 62935K, capacity 63696K, committed 63872K, reserved 1105920K
  class space    used 8080K, capacity 8291K, committed 8320K, reserved 1048576K
}

Deoptimization events (8 events):
Event: 27.989 Thread 0x000001977dcd1b30 DEOPT PACKING pc=0x000001970428803c sp=0x00000033c14fd8c0
Event: 27.989 Thread 0x000001977dcd1b30 DEOPT UNPACKING pc=0x000001970398e23f sp=0x00000033c14fce18 mode 0
Event: 44.457 Thread 0x000001977dcd1b30 DEOPT PACKING pc=0x000001970464fd74 sp=0x00000033c14fbc20
Event: 44.457 Thread 0x000001977dcd1b30 DEOPT UNPACKING pc=0x000001970398e23f sp=0x00000033c14fb0a8 mode 0
Event: 47.298 Thread 0x000001977dcd1b30 DEOPT PACKING pc=0x0000019704227942 sp=0x00000033c14fc8a0
Event: 47.298 Thread 0x000001977dcd1b30 DEOPT UNPACKING pc=0x000001970398e23f sp=0x00000033c14fbda8 mode 3
Event: 49.121 Thread 0x000001977dcd1b30 DEOPT PACKING pc=0x0000019704874594 sp=0x00000033c14fd3d0
Event: 49.121 Thread 0x000001977dcd1b30 DEOPT UNPACKING pc=0x000001970398e23f sp=0x00000033c14fc948 mode 0

Classes unloaded (0 events):
No events

Classes redefined (0 events):
No events

Internal exceptions (20 events):
Event: 48.846 Thread 0x000001977dcd1b30 Exception <a 'java/lang/ClassNotFoundException'{0x000000008292a448}: com/altice/salescommission/reportframework/ReportFrameworkModelCustomizer> (0x000000008292a448) 
thrown [./open/src/hotspot/share/classfile/systemDictionary.cpp, line 295]
Event: 48.973 Thread 0x000001977dcd1b30 Exception <a 'java/lang/ClassNotFoundException'{0x0000000087466f20}: java/lang/ObjectCustomizer> (0x0000000087466f20) 
thrown [./open/src/hotspot/share/classfile/systemDictionary.cpp, line 295]
Event: 48.977 Thread 0x000001977dcd1b30 Exception <a 'java/lang/ClassNotFoundException'{0x000000008746e648}: org/springframework/web/servlet/config/annotation/WebMvcConfigurationSupportCustomizer> (0x000000008746e648) 
thrown [./open/src/hotspot/share/classfile/systemDictionary.cpp, line 295]
Event: 48.981 Thread 0x000001977dcd1b30 Exception <a 'java/lang/ClassNotFoundException'{0x0000000087481ee8}: org/springframework/web/servlet/config/annotation/DelegatingWebMvcConfigurationCustomizer> (0x0000000087481ee8) 
thrown [./open/src/hotspot/share/classfile/systemDictionary.cpp, line 295]
Event: 48.984 Thread 0x000001977dcd1b30 Exception <a 'java/lang/ClassNotFoundException'{0x000000008748aaa0}: org/springframework/boot/autoconfigure/web/servlet/WebMvcAutoConfiguration$EnableWebMvcConfigurationCustomizer> (0x000000008748aaa0) 
thrown [./open/src/hotspot/share/classfile/systemDictionary.cpp, line 295]
Event: 48.987 Thread 0x000001977dcd1b30 Exception <a 'java/lang/ClassNotFoundException'{0x000000008749dba8}: org/springframework/context/ResourceLoaderAwareCustomizer> (0x000000008749dba8) 
thrown [./open/src/hotspot/share/classfile/systemDictionary.cpp, line 295]
Event: 48.988 Thread 0x000001977dcd1b30 Exception <a 'java/lang/ClassNotFoundException'{0x00000000874a23d0}: org/springframework/beans/factory/AwareCustomizer> (0x00000000874a23d0) 
thrown [./open/src/hotspot/share/classfile/systemDictionary.cpp, line 295]
Event: 48.989 Thread 0x000001977dcd1b30 Exception <a 'java/lang/ClassNotFoundException'{0x00000000874a62c0}: org/springframework/context/ApplicationContextAwareCustomizer> (0x00000000874a62c0) 
thrown [./open/src/hotspot/share/classfile/systemDictionary.cpp, line 295]
Event: 48.990 Thread 0x000001977dcd1b30 Exception <a 'java/lang/ClassNotFoundException'{0x00000000874ab6b8}: org/springframework/beans/factory/AwareCustomizer> (0x00000000874ab6b8) 
thrown [./open/src/hotspot/share/classfile/systemDictionary.cpp, line 295]
Event: 48.992 Thread 0x000001977dcd1b30 Exception <a 'java/lang/ClassNotFoundException'{0x00000000874af2e8}: org/springframework/web/context/ServletContextAwareCustomizer> (0x00000000874af2e8) 
thrown [./open/src/hotspot/share/classfile/systemDictionary.cpp, line 295]
Event: 48.993 Thread 0x000001977dcd1b30 Exception <a 'java/lang/ClassNotFoundException'{0x00000000874b3f68}: org/springframework/beans/factory/AwareCustomizer> (0x00000000874b3f68) 
thrown [./open/src/hotspot/share/classfile/systemDictionary.cpp, line 295]
Event: 49.728 Thread 0x000001977dcd1b30 Exception <a 'java/lang/NoSuchMethodError'{0x00000000829352f0}: 'void java.lang.invoke.DirectMethodHandle$Holder.invokeVirtual(java.lang.Object, java.lang.Object, int)'> (0x00000000829352f0) 
thrown [./open/src/hotspot/share/interpreter/linkResolver.cpp, line 782]
Event: 49.730 Thread 0x000001977dcd1b30 Exception <a 'java/lang/NoSuchMethodError'{0x00000000829515c0}: 'void java.lang.invoke.DirectMethodHandle$Holder.invokeVirtual(java.lang.Object, java.lang.Object, long)'> (0x00000000829515c0) 
thrown [./open/src/hotspot/share/interpreter/linkResolver.cpp, line 782]
Event: 50.320 Thread 0x000001977dcd1b30 Exception <a 'java/lang/IncompatibleClassChangeError'{0x00000000832b63f8}: Found class java.lang.Object, but interface was expected> (0x00000000832b63f8) 
thrown [./open/src/hotspot/share/interpreter/linkResolver.cpp, line 848]
Event: 50.622 Thread 0x000001971bc5a990 Exception <a 'java/lang/NoSuchMethodError'{0x0000000082ef2eb8}: 'java.lang.Object java.lang.invoke.Invokers$Holder.invoke_MT(java.lang.Object, java.lang.Object, java.lang.Object)'> (0x0000000082ef2eb8) 
thrown [./open/src/hotspot/share/interpreter/linkResolver.cpp, line 782]
Event: 51.479 Thread 0x000001977dcd1b30 Exception <a 'java/lang/NoSuchMethodError'{0x00000000840d9dd0}: 'int java.lang.invoke.DirectMethodHandle$Holder.invokeStaticInit(java.lang.Object, java.lang.Object, java.lang.Object, java.lang.Object)'> (0x00000000840d9dd0) 
thrown [./open/src/hotspot/share/interpreter/linkResolver.cpp, line 782]
Event: 51.944 Thread 0x000001977dcd1b30 Exception <a 'java/lang/NoSuchMethodError'{0x000000008486adf0}: 'java.lang.Object java.lang.invoke.DirectMethodHandle$Holder.invokeSpecial(java.lang.Object, java.lang.Object, int, java.lang.Object, int, java.lang.Object)'> (0x000000008486adf0) 
thrown [./open/src/hotspot/share/interpreter/linkResolver.cpp, line 782]
Event: 51.944 Thread 0x000001977dcd1b30 Exception <a 'java/lang/NoSuchMethodError'{0x00000000848735d8}: 'java.lang.Object java.lang.invoke.DirectMethodHandle$Holder.newInvokeSpecial(java.lang.Object, java.lang.Object, int, java.lang.Object, int)'> (0x00000000848735d8) 
thrown [./open/src/hotspot/share/interpreter/linkResolver.cpp, line 782]
Event: 51.945 Thread 0x000001977dcd1b30 Exception <a 'java/lang/NoSuchMethodError'{0x00000000848777e8}: 'java.lang.Object java.lang.invoke.DirectMethodHandle$Holder.invokeSpecial(java.lang.Object, java.lang.Object, java.lang.Object, int, java.lang.Object, int)'> (0x00000000848777e8) 
thrown [./open/src/hotspot/share/interpreter/linkResolver.cpp, line 782]
Event: 51.947 Thread 0x000001977dcd1b30 Exception <a 'java/lang/NoSuchMethodError'{0x0000000084881b80}: 'void java.lang.invoke.DirectMethodHandle$Holder.invokeVirtual(java.lang.Object, java.lang.Object)'> (0x0000000084881b80) 
thrown [./open/src/hotspot/share/interpreter/linkResolver.cpp, line 782]

Events (20 events):
Event: 52.189 loading class sun/reflect/misc/MethodUtil$1
Event: 52.189 loading class sun/reflect/misc/MethodUtil$1 done
Event: 52.189 loading class java/security/AllPermissionCollection
Event: 52.189 loading class java/security/AllPermissionCollection done
Event: 98.023 Thread 0x000001977fb83b90 Thread exited: 0x000001977fb83b90
Event: 205.318 Thread 0x000001977fc76880 Thread exited: 0x000001977fc76880
Event: 250.312 loading class java/rmi/server/UnicastRemoteObject
Event: 250.312 loading class java/rmi/server/UnicastRemoteObject done
Event: 250.313 Thread 0x000001977f9d57e0 Thread exited: 0x000001977f9d57e0
Event: 274.397 Executing VM operation: HandshakeAllThreads
Event: 274.397 Executing VM operation: HandshakeAllThreads done
Event: 537.098 loading class java/nio/BufferOverflowException
Event: 537.099 loading class java/nio/BufferOverflowException done
Event: 537.107 loading class java/nio/channels/ReadPendingException
Event: 537.108 loading class java/nio/channels/ReadPendingException done
Event: 537.108 loading class java/nio/channels/WritePendingException
Event: 537.108 loading class java/nio/channels/WritePendingException done
Event: 537.114 loading class java/nio/channels/ClosedChannelException
Event: 537.114 loading class java/nio/channels/ClosedChannelException done
Event: 537.145 loading class java/util/concurrent/LinkedBlockingDeque


Dynamic libraries:
0x00007ff6cde50000 - 0x00007ff6cde5d000 	H:\sts-4.10.0.RELEASE\plugins\org.eclipse.justj.openjdk.hotspot.jre.full.win32.x86_64_15.0.2.v20210201-0955\jre\bin\javaw.exe
0x00007ffb273a0000 - 0x00007ffb27581000 	C:\WINDOWS\SYSTEM32\ntdll.dll
0x00007ffb26210000 - 0x00007ffb262c1000 	C:\WINDOWS\System32\KERNEL32.DLL
0x00007ffb24390000 - 0x00007ffb24603000 	C:\WINDOWS\System32\KERNELBASE.dll
0x00007ffb246c0000 - 0x00007ffb247b8000 	C:\WINDOWS\System32\ucrtbase.dll
0x00007ffb038d0000 - 0x00007ffb038e8000 	H:\sts-4.10.0.RELEASE\plugins\org.eclipse.justj.openjdk.hotspot.jre.full.win32.x86_64_15.0.2.v20210201-0955\jre\bin\jli.dll
0x00007ffb267c0000 - 0x00007ffb26951000 	C:\WINDOWS\System32\USER32.dll
0x00007ffb24370000 - 0x00007ffb24390000 	C:\WINDOWS\System32\win32u.dll
0x00007ffb26760000 - 0x00007ffb26788000 	C:\WINDOWS\System32\GDI32.dll
0x00007ffb24050000 - 0x00007ffb241e3000 	C:\WINDOWS\System32\gdi32full.dll
0x00007ffb24250000 - 0x00007ffb242ef000 	C:\WINDOWS\System32\msvcp_win.dll
0x00007ffafc470000 - 0x00007ffafc489000 	H:\sts-4.10.0.RELEASE\plugins\org.eclipse.justj.openjdk.hotspot.jre.full.win32.x86_64_15.0.2.v20210201-0955\jre\bin\VCRUNTIME140.dll
0x00007ffb1ba20000 - 0x00007ffb1bc89000 	C:\WINDOWS\WinSxS\amd64_microsoft.windows.common-controls_6595b64144ccf1df_6.0.17134.1726_none_d3fdb88f7c924124\COMCTL32.dll
0x00007ffb26570000 - 0x00007ffb2660e000 	C:\WINDOWS\System32\msvcrt.dll
0x00007ffb27020000 - 0x00007ffb27341000 	C:\WINDOWS\System32\combase.dll
0x00007ffb26020000 - 0x00007ffb26144000 	C:\WINDOWS\System32\RPCRT4.dll
0x00007ffb242f0000 - 0x00007ffb24369000 	C:\WINDOWS\System32\bcryptPrimitives.dll
0x00007ffb26790000 - 0x00007ffb267bd000 	C:\WINDOWS\System32\IMM32.DLL
0x00000000569c0000 - 0x0000000056a59000 	C:\Program Files\Immidio\Flex Profiles\FlexHook64.dll
0x00007ffb266b0000 - 0x00007ffb26751000 	C:\WINDOWS\System32\ADVAPI32.dll
0x00007ffb261b0000 - 0x00007ffb2620b000 	C:\WINDOWS\System32\sechost.dll
0x00007ffb24890000 - 0x00007ffb25cd5000 	C:\WINDOWS\System32\SHELL32.dll
0x00007ffb247c0000 - 0x00007ffb24809000 	C:\WINDOWS\System32\cfgmgr32.dll
0x00007ffb25ce0000 - 0x00007ffb25d89000 	C:\WINDOWS\System32\shcore.dll
0x00007ffb23740000 - 0x00007ffb23e55000 	C:\WINDOWS\System32\windows.storage.dll
0x00007ffb25da0000 - 0x00007ffb25df1000 	C:\WINDOWS\System32\shlwapi.dll
0x00007ffb23700000 - 0x00007ffb23711000 	C:\WINDOWS\System32\kernel.appcore.dll
0x00007ffb23720000 - 0x00007ffb2373f000 	C:\WINDOWS\System32\profapi.dll
0x00007ffb23680000 - 0x00007ffb236cc000 	C:\WINDOWS\System32\powrprof.dll
0x00007ffb236f0000 - 0x00007ffb236fa000 	C:\WINDOWS\System32\FLTLIB.DLL
0x00007ffb23580000 - 0x00007ffb235a8000 	C:\WINDOWS\SYSTEM32\USERENV.dll
0x00007ffb231a0000 - 0x00007ffb231c5000 	C:\WINDOWS\SYSTEM32\bcrypt.dll
0x00007ffb22510000 - 0x00007ffb22541000 	C:\WINDOWS\SYSTEM32\ntmarta.dll
0x00007ffb234a0000 - 0x00007ffb234d6000 	C:\WINDOWS\system32\vmwsci.dll
0x00007ffb27360000 - 0x00007ffb27368000 	C:\WINDOWS\System32\PSAPI.DLL
0x00007ffb046e0000 - 0x00007ffb046ec000 	H:\sts-4.10.0.RELEASE\plugins\org.eclipse.justj.openjdk.hotspot.jre.full.win32.x86_64_15.0.2.v20210201-0955\jre\bin\vcruntime140_1.dll
0x00007ffae7360000 - 0x00007ffae73f1000 	H:\sts-4.10.0.RELEASE\plugins\org.eclipse.justj.openjdk.hotspot.jre.full.win32.x86_64_15.0.2.v20210201-0955\jre\bin\msvcp140.dll
0x00007ffae4c80000 - 0x00007ffae57de000 	H:\sts-4.10.0.RELEASE\plugins\org.eclipse.justj.openjdk.hotspot.jre.full.win32.x86_64_15.0.2.v20210201-0955\jre\bin\server\jvm.dll
0x00007ffb15920000 - 0x00007ffb15929000 	C:\WINDOWS\SYSTEM32\WSOCK32.dll
0x00007ffb26500000 - 0x00007ffb2656c000 	C:\WINDOWS\System32\WS2_32.dll
0x00007ffb1c0e0000 - 0x00007ffb1c103000 	C:\WINDOWS\SYSTEM32\WINMM.dll
0x00007ffb22810000 - 0x00007ffb2281a000 	C:\WINDOWS\SYSTEM32\VERSION.dll
0x00007ffb1c0b0000 - 0x00007ffb1c0da000 	C:\WINDOWS\SYSTEM32\WINMMBASE.dll
0x00007ffb1ad10000 - 0x00007ffb1ad1a000 	H:\sts-4.10.0.RELEASE\plugins\org.eclipse.justj.openjdk.hotspot.jre.full.win32.x86_64_15.0.2.v20210201-0955\jre\bin\jimage.dll
0x00007ffb21c30000 - 0x00007ffb21df9000 	C:\WINDOWS\SYSTEM32\DBGHELP.DLL
0x00007ffb1c080000 - 0x00007ffb1c0a9000 	C:\WINDOWS\SYSTEM32\dbgcore.DLL
0x00007ffae7700000 - 0x00007ffae7725000 	H:\sts-4.10.0.RELEASE\plugins\org.eclipse.justj.openjdk.hotspot.jre.full.win32.x86_64_15.0.2.v20210201-0955\jre\bin\java.dll
0x00007ffaf8610000 - 0x00007ffaf8628000 	H:\sts-4.10.0.RELEASE\plugins\org.eclipse.justj.openjdk.hotspot.jre.full.win32.x86_64_15.0.2.v20210201-0955\jre\bin\zip.dll
0x00007ffae77d0000 - 0x00007ffae77e9000 	H:\sts-4.10.0.RELEASE\plugins\org.eclipse.justj.openjdk.hotspot.jre.full.win32.x86_64_15.0.2.v20210201-0955\jre\bin\net.dll
0x00007ffb1ec20000 - 0x00007ffb1ecfd000 	C:\WINDOWS\SYSTEM32\WINHTTP.dll
0x00007ffb22ec0000 - 0x00007ffb22f26000 	C:\WINDOWS\system32\mswsock.dll
0x00007ffae77b0000 - 0x00007ffae77c2000 	H:\sts-4.10.0.RELEASE\plugins\org.eclipse.justj.openjdk.hotspot.jre.full.win32.x86_64_15.0.2.v20210201-0955\jre\bin\nio.dll
0x00007ffb02d10000 - 0x00007ffb02d19000 	H:\sts-4.10.0.RELEASE\plugins\org.eclipse.justj.openjdk.hotspot.jre.full.win32.x86_64_15.0.2.v20210201-0955\jre\bin\management.dll
0x00007ffb025a0000 - 0x00007ffb025ab000 	H:\sts-4.10.0.RELEASE\plugins\org.eclipse.justj.openjdk.hotspot.jre.full.win32.x86_64_15.0.2.v20210201-0955\jre\bin\management_ext.dll
0x00007ffb0cd30000 - 0x00007ffb0cd46000 	C:\WINDOWS\system32\napinsp.dll
0x00007ffb0cd50000 - 0x00007ffb0cd6a000 	C:\WINDOWS\system32\pnrpnsp.dll
0x00007ffb1bf20000 - 0x00007ffb1bf39000 	C:\WINDOWS\system32\NLAapi.dll
0x00007ffb22c60000 - 0x00007ffb22d1f000 	C:\WINDOWS\SYSTEM32\DNSAPI.dll
0x00007ffb27350000 - 0x00007ffb27358000 	C:\WINDOWS\System32\NSI.dll
0x00007ffb22c10000 - 0x00007ffb22c48000 	C:\WINDOWS\SYSTEM32\IPHLPAPI.DLL
0x00007ffb0cd80000 - 0x00007ffb0cd8e000 	C:\WINDOWS\System32\winrnr.dll
0x00007ffb17150000 - 0x00007ffb1715a000 	C:\Windows\System32\rasadhlp.dll
0x00007ffb1d810000 - 0x00007ffb1d882000 	C:\WINDOWS\System32\fwpuclnt.dll
0x00007ffb23070000 - 0x00007ffb23087000 	C:\WINDOWS\SYSTEM32\CRYPTSP.dll
0x00007ffb22a70000 - 0x00007ffb22aa3000 	C:\WINDOWS\system32\rsaenh.dll
0x00007ffb23090000 - 0x00007ffb2309b000 	C:\WINDOWS\SYSTEM32\CRYPTBASE.dll
0x00007ffb1cdf0000 - 0x00007ffb1ce06000 	C:\WINDOWS\SYSTEM32\dhcpcsvc6.DLL
0x00007ffb1cdd0000 - 0x00007ffb1cdea000 	C:\WINDOWS\SYSTEM32\dhcpcsvc.DLL
0x00007ffb0a810000 - 0x00007ffb0a820000 	H:\sts-4.10.0.RELEASE\plugins\org.eclipse.justj.openjdk.hotspot.jre.full.win32.x86_64_15.0.2.v20210201-0955\jre\bin\verify.dll

dbghelp: loaded successfully - version: 4.0.5 - missing functions: none
symbol engine: initialized successfully - sym options: 0x614 - pdb path: .;H:\sts-4.10.0.RELEASE\plugins\org.eclipse.justj.openjdk.hotspot.jre.full.win32.x86_64_15.0.2.v20210201-0955\jre\bin;C:\WINDOWS\SYSTEM32;C:\WINDOWS\WinSxS\amd64_microsoft.windows.common-controls_6595b64144ccf1df_6.0.17134.1726_none_d3fdb88f7c924124;C:\Program Files\Immidio\Flex Profiles;H:\sts-4.10.0.RELEASE\plugins\org.eclipse.justj.openjdk.hotspot.jre.full.win32.x86_64_15.0.2.v20210201-0955\jre\bin\server

VM Arguments:
jvm_args: -Dcom.sun.management.jmxremote -Dcom.sun.management.jmxremote.port=53502 -Dcom.sun.management.jmxremote.authenticate=false -Dcom.sun.management.jmxremote.ssl=false -Djava.rmi.server.hostname=localhost -Dspring.jmx.enabled=true -Dspring.application.admin.enabled=true -XX:TieredStopAtLevel=1 -Dspring.boot.project.name=sales-commission-java -Dfile.encoding=UTF-8 -XX:+ShowCodeDetailsInExceptionMessages 
java_command: com.altice.salescommission.SalescommissionrebuildbackendApplication --spring.output.ansi.enabled=always
java_class_path (initial): H:\repos\sales-commission-java\target\classes;C:\Users\vsammeta\.m2\repository\org\springframework\boot\spring-boot-starter-cache\2.5.1\spring-boot-starter-cache-2.5.1.jar;C:\Users\vsammeta\.m2\repository\org\springframework\boot\spring-boot-starter\2.5.1\spring-boot-starter-2.5.1.jar;C:\Users\vsammeta\.m2\repository\org\springframework\boot\spring-boot\2.5.1\spring-boot-2.5.1.jar;C:\Users\vsammeta\.m2\repository\org\springframework\boot\spring-boot-autoconfigure\2.5.1\spring-boot-autoconfigure-2.5.1.jar;C:\Users\vsammeta\.m2\repository\org\springframework\boot\spring-boot-starter-logging\2.5.1\spring-boot-starter-logging-2.5.1.jar;C:\Users\vsammeta\.m2\repository\ch\qos\logback\logback-classic\1.2.3\logback-classic-1.2.3.jar;C:\Users\vsammeta\.m2\repository\ch\qos\logback\logback-core\1.2.3\logback-core-1.2.3.jar;C:\Users\vsammeta\.m2\repository\org\apache\logging\log4j\log4j-to-slf4j\2.14.1\log4j-to-slf4j-2.14.1.jar;C:\Users\vsammeta\.m2\repository\org\apache\logging\log4j\log4j-api\2.14.1\log4j-api-2.14.1.jar;C:\Users\vsammeta\.m2\repository\org\slf4j\jul-to-slf4j\1.7.30\jul-to-slf4j-1.7.30.jar;C:\Users\vsammeta\.m2\repository\jakarta\annotation\jakarta.annotation-api\1.3.5\jakarta.annotation-api-1.3.5.jar;C:\Users\vsammeta\.m2\repository\org\yaml\snakeyaml\1.28\snakeyaml-1.28.jar;C:\Users\vsammeta\.m2\repository\org\springframework\spring-context-support\5.3.8\spring-context-support-5.3.8.jar;C:\Users\vsammeta\.m2\repository\org\springframework\spring-beans\5.3.8\spring-beans-5.3.8.jar;C:\Users\vsammeta\.m2\repository\org\springframework\spring-context\5.3.8\spring-context-5.3.8.jar;C:\Users\vsammeta\.m2\repository\org\springframework\boot\spring-boot-starter-web\2.5.1\spring-boot-starter-web-2.5.1.jar;C:\Users\vsammeta\.m2\repository\org\springframework\boot\spring-boot-starter-json\2.5.1\spring-boot-starter-json-2.5.1.jar;C:\Users\vsammeta\.m2\repository\com\fasterxml\jackson\core\jackson-databind\2.12.3\jackson-databind-2.12.3.jar
Launcher Type: SUN_STANDARD

[Global flags]
     intx CICompilerCount                          = 2                                         {product} {ergonomic}
     uint ConcGCThreads                            = 1                                         {product} {ergonomic}
     uint G1ConcRefinementThreads                  = 2                                         {product} {ergonomic}
   size_t G1HeapRegionSize                         = 1048576                                   {product} {ergonomic}
    uintx GCDrainStackTargetSize                   = 64                                        {product} {ergonomic}
   size_t InitialHeapSize                          = 134217728                                 {product} {ergonomic}
     bool ManagementServer                         = true                                      {product} {command line}
   size_t MarkStackSize                            = 4194304                                   {product} {ergonomic}
   size_t MaxHeapSize                              = 2147483648                                {product} {ergonomic}
   size_t MaxNewSize                               = 1287651328                                {product} {ergonomic}
   size_t MinHeapDeltaBytes                        = 1048576                                   {product} {ergonomic}
   size_t MinHeapSize                              = 8388608                                   {product} {ergonomic}
    uintx NonNMethodCodeHeapSize                   = 6396312                                {pd product} {ergonomic}
    uintx NonProfiledCodeHeapSize                  = 245261928                              {pd product} {ergonomic}
    uintx ProfiledCodeHeapSize                     = 0                                      {pd product} {ergonomic}
    uintx ReservedCodeCacheSize                    = 251658240                              {pd product} {ergonomic}
     bool SegmentedCodeCache                       = true                                      {product} {ergonomic}
     bool ShowCodeDetailsInExceptionMessages       = true                                   {manageable} {command line}
   size_t SoftMaxHeapSize                          = 2147483648                             {manageable} {ergonomic}
     intx TieredStopAtLevel                        = 1                                         {product} {command line}
     bool UseCompressedClassPointers               = true                                 {lp64_product} {ergonomic}
     bool UseCompressedOops                        = true                                 {lp64_product} {ergonomic}
     bool UseG1GC                                  = true                                      {product} {ergonomic}
     bool UseLargePagesIndividualAllocation        = false                                  {pd product} {ergonomic}

Logging:
Log output configuration:
 #0: stdout all=warning uptime,level,tags
 #1: stderr all=off uptime,level,tags

Environment Variables:
PATH=H:/sts-4.10.0.RELEASE//plugins/org.eclipse.justj.openjdk.hotspot.jre.full.win32.x86_64_15.0.2.v20210201-0955/jre/bin/server;H:/sts-4.10.0.RELEASE//plugins/org.eclipse.justj.openjdk.hotspot.jre.full.win32.x86_64_15.0.2.v20210201-0955/jre/bin;C:\Program Files (x86)\RSA SecurID Token Common;C:\ProgramData\Oracle\Java\javapath;C:\WINDOWS\system32;C:\WINDOWS;C:\WINDOWS\System32\Wbem;C:\WINDOWS\System32\WindowsPowerShell\v1.0\;C:\WINDOWS\System32\OpenSSH\;C:\Program Files (x86)\Microsoft SQL Server\150\DTS\Binn\;C:\Program Files\PuTTY;C:\Python39\Scripts;C:\Python39;C:\Program Files\nodejs;C:\ProgramData\chocolatey\bin;C:\Program Files (x86)\Google\Cloud SDK\google-cloud-sdk\bin;C:\Program Files\Git\cmd;C:\Users\vsammeta\AppData\Local\Microsoft\WindowsApps;C:\Users\vsammeta\AppData\Roaming\npm;C:\Users\vsammeta\AppData\Local\Programs\Microsoft VS Code\bin;H:\sts-4.10.0.RELEASE;
USERNAME=vsammeta
OS=Windows_NT
PROCESSOR_IDENTIFIER=Intel64 Family 6 Model 85 Stepping 4, GenuineIntel



---------------  S Y S T E M  ---------------

OS:
 Windows 10 , 64 bit Build 17134 (10.0.17134.1425)
OS uptime: 3 days 13:09 hours
VMWare virtualization detected

CPU: total 2 (initial active 2) (2 cores per cpu, 1 threads per core) family 6 model 85 stepping 4 microcode 0x2006a08, cmov, cx8, fxsr, mmx, sse, sse2, sse3, ssse3, sse4.1, sse4.2, popcnt, vzeroupper, avx, avx2, aes, clmul, erms, 3dnowpref, lzcnt, tsc, tscinvbit, bmi1, bmi2, adx, fma, clflush, clflushopt, clwb

Memory: 4k page, system-wide physical 8190M (1591M free)
TotalPageFile size 8702M (AvailPageFile size 1448M)
current process WorkingSet (physical memory assigned to process): 212M, peak: 213M
current process commit charge ("private bytes"): 240M, peak: 241M

vm_info: OpenJDK 64-Bit Server VM (15.0.2+7-27) for windows-amd64 JRE (15.0.2+7-27), built on Dec  7 2020 20:02:38 by "mach5one" with unknown MS VC++:1925

END.
